<?xml version="1.0" encoding="UTF-8"?>
<robot generator="Robot 6.0.1 (Python 3.10.0 on win32)" generated="20221206 11:14:36.754" rpa="false" schemaversion="3">
<suite id="s1" name="Crm" source="C:\development\robot-scripts\crm\tests\crm.robot">
<test id="s1-t1" name="Should be able to add new customer" line="16">
<kw name="Begin Web Test" library="Common" type="SETUP">
<kw name="Log" library="BuiltIn">
<arg>Starting the test case....</arg>
<doc>Logs the given message with the given level.</doc>
<msg timestamp="20221206 11:14:36.929" level="INFO">Starting the test case....</msg>
<status status="PASS" starttime="20221206 11:14:36.929" endtime="20221206 11:14:36.929"/>
</kw>
<kw name="Open Browser" library="SeleniumLibrary">
<arg>about:blank</arg>
<arg>${BROWSER}</arg>
<doc>Opens a new browser instance to the optional ``url``.</doc>
<msg timestamp="20221206 11:14:36.929" level="INFO">Opening browser 'Chrome' to base url 'about:blank'.</msg>
<status status="PASS" starttime="20221206 11:14:36.929" endtime="20221206 11:14:38.047"/>
</kw>
<status status="PASS" starttime="20221206 11:14:36.929" endtime="20221206 11:14:38.047"/>
</kw>
<kw name="Go to &quot;Home&quot; Page" library="CrmApp">
<kw name="Navigate To" library="Home">
<kw name="Go To" library="SeleniumLibrary">
<arg>${URL}</arg>
<doc>Navigates the current browser window to the provided ``url``.</doc>
<msg timestamp="20221206 11:14:38.048" level="INFO">Opening url 'https://automationplayground.com/crm'</msg>
<status status="PASS" starttime="20221206 11:14:38.048" endtime="20221206 11:14:39.659"/>
</kw>
<kw name="Verify Page Loaded" library="Home">
<kw name="Wait Until Page Contains" library="SeleniumLibrary">
<arg>${HOME_HEADER_LABEL}</arg>
<doc>Waits until ``text`` appears on the current page.</doc>
<status status="PASS" starttime="20221206 11:14:39.659" endtime="20221206 11:14:39.667"/>
</kw>
<status status="PASS" starttime="20221206 11:14:39.659" endtime="20221206 11:14:39.668"/>
</kw>
<status status="PASS" starttime="20221206 11:14:38.047" endtime="20221206 11:14:39.668"/>
</kw>
<status status="PASS" starttime="20221206 11:14:38.047" endtime="20221206 11:14:39.668"/>
</kw>
<kw name="Login With Valid Credentials" library="CrmApp">
<arg>${VALID_LOGIN_EMAIL}</arg>
<arg>${VALID_LOGIN_PASSWORD}</arg>
<kw name="Click &quot;Sign In&quot; Link" library="TopNav">
<kw name="Click Link" library="SeleniumLibrary">
<arg>${TOPNAV_SIGNIN_LINK}</arg>
<doc>Clicks a link identified by ``locator``.</doc>
<msg timestamp="20221206 11:14:39.669" level="INFO">Clicking link 'id=SignIn'.</msg>
<status status="PASS" starttime="20221206 11:14:39.669" endtime="20221206 11:14:40.499"/>
</kw>
<status status="PASS" starttime="20221206 11:14:39.668" endtime="20221206 11:14:40.499"/>
</kw>
<kw name="Verify Page Loaded" library="SignIn">
<kw name="Wait Until Page Contains" library="SeleniumLibrary">
<arg>${SIGNIN_HEADER_LABEL}</arg>
<doc>Waits until ``text`` appears on the current page.</doc>
<status status="PASS" starttime="20221206 11:14:40.500" endtime="20221206 11:14:40.508"/>
</kw>
<status status="PASS" starttime="20221206 11:14:40.499" endtime="20221206 11:14:40.508"/>
</kw>
<kw name="Login With Valid Credentials" library="SignIn">
<arg>${Email}</arg>
<arg>${Password}</arg>
<kw name="Fill &quot;Email&quot; Field" library="SignIn">
<arg>${Email}</arg>
<kw name="Input Text" library="SeleniumLibrary">
<arg>${SIGNIN_EMAIL_TEXTBOX}</arg>
<arg>${Email}</arg>
<doc>Types the given ``text`` into the text field identified by ``locator``.</doc>
<msg timestamp="20221206 11:14:40.509" level="INFO">Typing text 'admin@robotframeworktutorial.com' into text field 'id=email-id'.</msg>
<status status="PASS" starttime="20221206 11:14:40.508" endtime="20221206 11:14:40.561"/>
</kw>
<status status="PASS" starttime="20221206 11:14:40.508" endtime="20221206 11:14:40.561"/>
</kw>
<kw name="Fill &quot;Password&quot; Field" library="SignIn">
<arg>${Password}</arg>
<kw name="Input Text" library="SeleniumLibrary">
<arg>${SIGNIN_PASSWORD_TEXTBOX}</arg>
<arg>${Password}</arg>
<doc>Types the given ``text`` into the text field identified by ``locator``.</doc>
<msg timestamp="20221206 11:14:40.562" level="INFO">Typing text 'qwe' into text field 'id=password'.</msg>
<status status="PASS" starttime="20221206 11:14:40.562" endtime="20221206 11:14:40.605"/>
</kw>
<status status="PASS" starttime="20221206 11:14:40.562" endtime="20221206 11:14:40.605"/>
</kw>
<kw name="Click &quot;Submit&quot; Button" library="SignIn">
<kw name="Click Button" library="SeleniumLibrary">
<arg>${SIGNIN_SUBMIT_BUTTON}</arg>
<doc>Clicks the button identified by ``locator``.</doc>
<msg timestamp="20221206 11:14:40.606" level="INFO">Clicking button 'id=submit-id'.</msg>
<status status="PASS" starttime="20221206 11:14:40.605" endtime="20221206 11:14:41.357"/>
</kw>
<status status="PASS" starttime="20221206 11:14:40.605" endtime="20221206 11:14:41.357"/>
</kw>
<status status="PASS" starttime="20221206 11:14:40.508" endtime="20221206 11:14:41.357"/>
</kw>
<kw name="Verify Page Loaded" library="Customers">
<kw name="Wait Until Page Contains" library="SeleniumLibrary">
<arg>${CUSTOMERS_HEADER_LABEL}</arg>
<doc>Waits until ``text`` appears on the current page.</doc>
<status status="PASS" starttime="20221206 11:14:41.357" endtime="20221206 11:14:41.364"/>
</kw>
<status status="PASS" starttime="20221206 11:14:41.357" endtime="20221206 11:14:41.365"/>
</kw>
<status status="PASS" starttime="20221206 11:14:39.668" endtime="20221206 11:14:41.365"/>
</kw>
<kw name="Add New Customer" library="CrmApp">
<kw name="Click Add Customer Link" library="Customers">
<kw name="Click Link" library="SeleniumLibrary">
<arg>${CUSTOMERS_ADD_CUSTOMER_LINK}</arg>
<doc>Clicks a link identified by ``locator``.</doc>
<msg timestamp="20221206 11:14:41.366" level="INFO">Clicking link 'id=new-customer'.</msg>
<status status="PASS" starttime="20221206 11:14:41.365" endtime="20221206 11:14:42.326"/>
</kw>
<status status="PASS" starttime="20221206 11:14:41.365" endtime="20221206 11:14:42.326"/>
</kw>
<kw name="Verify Page Loaded" library="AddCustomer">
<kw name="Wait Until Page Contains" library="SeleniumLibrary">
<arg>${ADDCUSTOMER_HEADER_LABEL}</arg>
<doc>Waits until ``text`` appears on the current page.</doc>
<status status="PASS" starttime="20221206 11:14:42.326" endtime="20221206 11:14:42.333"/>
</kw>
<status status="PASS" starttime="20221206 11:14:42.326" endtime="20221206 11:14:42.333"/>
</kw>
<kw name="Add New Customer" library="AddCustomer">
<kw name="Fill Customer Fields" library="AddCustomer">
<kw name="Input Text" library="SeleniumLibrary">
<arg>${ADDCUSTOMER_EMAIL_TEXTBOX}</arg>
<arg>janedoe@gmail.com</arg>
<doc>Types the given ``text`` into the text field identified by ``locator``.</doc>
<msg timestamp="20221206 11:14:42.334" level="INFO">Typing text 'janedoe@gmail.com' into text field 'id=EmailAddress'.</msg>
<status status="PASS" starttime="20221206 11:14:42.334" endtime="20221206 11:14:42.382"/>
</kw>
<kw name="Input Text" library="SeleniumLibrary">
<arg>${ADDCUSTOMER_FIRST_NAME_TEXTBOX}</arg>
<arg>Jane</arg>
<doc>Types the given ``text`` into the text field identified by ``locator``.</doc>
<msg timestamp="20221206 11:14:42.383" level="INFO">Typing text 'Jane' into text field 'id=FirstName'.</msg>
<status status="PASS" starttime="20221206 11:14:42.382" endtime="20221206 11:14:42.425"/>
</kw>
<kw name="Input Text" library="SeleniumLibrary">
<arg>${ADDCUSTOMER_LAST_NAME_TEXTBOX}</arg>
<arg>Doe</arg>
<doc>Types the given ``text`` into the text field identified by ``locator``.</doc>
<msg timestamp="20221206 11:14:42.426" level="INFO">Typing text 'Doe' into text field 'id=LastName'.</msg>
<status status="PASS" starttime="20221206 11:14:42.426" endtime="20221206 11:14:42.469"/>
</kw>
<kw name="Input Text" library="SeleniumLibrary">
<arg>${ADDCUSTOMER_CITY_TEXTBOX}</arg>
<arg>Dallas</arg>
<doc>Types the given ``text`` into the text field identified by ``locator``.</doc>
<msg timestamp="20221206 11:14:42.469" level="INFO">Typing text 'Dallas' into text field 'id=City'.</msg>
<status status="PASS" starttime="20221206 11:14:42.469" endtime="20221206 11:14:42.514"/>
</kw>
<kw name="Select From List By Value" library="SeleniumLibrary">
<arg>${ADDCUSTOMER_STATE_DROPDOWN}</arg>
<arg>TX</arg>
<doc>Selects options from selection list ``locator`` by ``values``.</doc>
<msg timestamp="20221206 11:14:42.515" level="INFO">Selecting options from selection list 'id=StateOrRegion' by value TX.</msg>
<status status="PASS" starttime="20221206 11:14:42.514" endtime="20221206 11:14:42.553"/>
</kw>
<kw name="Select Radio Button" library="SeleniumLibrary">
<arg>${ADDCUSTOMER_GENDER_RADIO}</arg>
<arg>female</arg>
<doc>Sets the radio button group ``group_name`` to ``value``.</doc>
<msg timestamp="20221206 11:14:42.553" level="INFO">Selecting 'female' from radio button 'gender'.</msg>
<status status="PASS" starttime="20221206 11:14:42.553" endtime="20221206 11:14:42.584"/>
</kw>
<kw name="Select Checkbox" library="SeleniumLibrary">
<arg>${ADDCUSTOMER_PROMOS_CHECKBOX}</arg>
<doc>Selects the checkbox identified by ``locator``.</doc>
<msg timestamp="20221206 11:14:42.584" level="INFO">Selecting checkbox 'name=promos-name'.</msg>
<status status="PASS" starttime="20221206 11:14:42.584" endtime="20221206 11:14:42.625"/>
</kw>
<status status="PASS" starttime="20221206 11:14:42.333" endtime="20221206 11:14:42.625"/>
</kw>
<kw name="Click Submit Button" library="AddCustomer">
<kw name="Click Button" library="SeleniumLibrary">
<arg>${ADDCUSTOMER_SUBMIT_BUTTON}</arg>
<doc>Clicks the button identified by ``locator``.</doc>
<msg timestamp="20221206 11:14:42.626" level="INFO">Clicking button 'Submit'.</msg>
<status status="PASS" starttime="20221206 11:14:42.625" endtime="20221206 11:14:43.164"/>
</kw>
<status status="PASS" starttime="20221206 11:14:42.625" endtime="20221206 11:14:43.164"/>
</kw>
<status status="PASS" starttime="20221206 11:14:42.333" endtime="20221206 11:14:43.164"/>
</kw>
<kw name="Fill Customer Fields" library="AddCustomer">
<kw name="Input Text" library="SeleniumLibrary">
<arg>${ADDCUSTOMER_EMAIL_TEXTBOX}</arg>
<arg>janedoe@gmail.com</arg>
<doc>Types the given ``text`` into the text field identified by ``locator``.</doc>
<msg timestamp="20221206 11:14:43.165" level="INFO">Typing text 'janedoe@gmail.com' into text field 'id=EmailAddress'.</msg>
<msg timestamp="20221206 11:14:43.531" level="INFO" html="true">&lt;/td&gt;&lt;/tr&gt;&lt;tr&gt;&lt;td colspan="3"&gt;&lt;a href="selenium-screenshot-82.png"&gt;&lt;img src="selenium-screenshot-82.png" width="800px"&gt;&lt;/a&gt;</msg>
<msg timestamp="20221206 11:14:43.531" level="FAIL">Element with locator 'id=EmailAddress' not found.</msg>
<status status="FAIL" starttime="20221206 11:14:43.164" endtime="20221206 11:14:43.533"/>
</kw>
<kw name="Input Text" library="SeleniumLibrary">
<arg>${ADDCUSTOMER_FIRST_NAME_TEXTBOX}</arg>
<arg>Jane</arg>
<doc>Types the given ``text`` into the text field identified by ``locator``.</doc>
<status status="NOT RUN" starttime="20221206 11:14:43.533" endtime="20221206 11:14:43.533"/>
</kw>
<kw name="Input Text" library="SeleniumLibrary">
<arg>${ADDCUSTOMER_LAST_NAME_TEXTBOX}</arg>
<arg>Doe</arg>
<doc>Types the given ``text`` into the text field identified by ``locator``.</doc>
<status status="NOT RUN" starttime="20221206 11:14:43.534" endtime="20221206 11:14:43.534"/>
</kw>
<kw name="Input Text" library="SeleniumLibrary">
<arg>${ADDCUSTOMER_CITY_TEXTBOX}</arg>
<arg>Dallas</arg>
<doc>Types the given ``text`` into the text field identified by ``locator``.</doc>
<status status="NOT RUN" starttime="20221206 11:14:43.534" endtime="20221206 11:14:43.534"/>
</kw>
<kw name="Select From List By Value" library="SeleniumLibrary">
<arg>${ADDCUSTOMER_STATE_DROPDOWN}</arg>
<arg>TX</arg>
<doc>Selects options from selection list ``locator`` by ``values``.</doc>
<status status="NOT RUN" starttime="20221206 11:14:43.534" endtime="20221206 11:14:43.534"/>
</kw>
<kw name="Select Radio Button" library="SeleniumLibrary">
<arg>${ADDCUSTOMER_GENDER_RADIO}</arg>
<arg>female</arg>
<doc>Sets the radio button group ``group_name`` to ``value``.</doc>
<status status="NOT RUN" starttime="20221206 11:14:43.534" endtime="20221206 11:14:43.534"/>
</kw>
<kw name="Select Checkbox" library="SeleniumLibrary">
<arg>${ADDCUSTOMER_PROMOS_CHECKBOX}</arg>
<doc>Selects the checkbox identified by ``locator``.</doc>
<status status="NOT RUN" starttime="20221206 11:14:43.534" endtime="20221206 11:14:43.534"/>
</kw>
<status status="FAIL" starttime="20221206 11:14:43.164" endtime="20221206 11:14:43.534"/>
</kw>
<kw name="Click Submit Button" library="AddCustomer">
<status status="NOT RUN" starttime="20221206 11:14:43.534" endtime="20221206 11:14:43.534"/>
</kw>
<kw name="Verify Customer Added Successfully" library="Customers">
<status status="NOT RUN" starttime="20221206 11:14:43.534" endtime="20221206 11:14:43.534"/>
</kw>
<status status="FAIL" starttime="20221206 11:14:41.365" endtime="20221206 11:14:43.534"/>
</kw>
<kw name="Click Link" library="SeleniumLibrary">
<arg>Sign Out</arg>
<doc>Clicks a link identified by ``locator``.</doc>
<status status="NOT RUN" starttime="20221206 11:14:43.535" endtime="20221206 11:14:43.535"/>
</kw>
<kw name="Wait Until Page Contains" library="SeleniumLibrary">
<arg>Signed Out</arg>
<doc>Waits until ``text`` appears on the current page.</doc>
<status status="NOT RUN" starttime="20221206 11:14:43.535" endtime="20221206 11:14:43.535"/>
</kw>
<kw name="End Web Test" library="Common" type="TEARDOWN">
<kw name="Close Browser" library="SeleniumLibrary">
<doc>Closes the current browser.</doc>
<status status="PASS" starttime="20221206 11:14:43.535" endtime="20221206 11:14:45.683"/>
</kw>
<status status="PASS" starttime="20221206 11:14:43.535" endtime="20221206 11:14:45.683"/>
</kw>
<doc>This is some basic info about the test</doc>
<tag>1006</tag>
<tag>Contacts</tag>
<tag>Smoke</tag>
<status status="FAIL" starttime="20221206 11:14:36.928" endtime="20221206 11:14:45.684">Element with locator 'id=EmailAddress' not found.</status>
</test>
<doc>This is some basic info about the suite</doc>
<status status="FAIL" starttime="20221206 11:14:36.755" endtime="20221206 11:14:45.685"/>
</suite>
<statistics>
<total>
<stat pass="0" fail="1" skip="0">All Tests</stat>
</total>
<tag>
<stat pass="0" fail="1" skip="0">1006</stat>
<stat pass="0" fail="1" skip="0">Contacts</stat>
<stat pass="0" fail="1" skip="0">Smoke</stat>
</tag>
<suite>
<stat pass="0" fail="1" skip="0" id="s1" name="Crm">Crm</stat>
</suite>
</statistics>
<errors>
</errors>
</robot>
